2024-07-27 10:14:41.369360 
hello_world 
Функция hello_world вызавалась с аргументами () и {} 
Hello World 

2024-07-27 10:14:41.369360 
summator 
Функция summator вызавалась с аргументами (2, 2) и {} 
4 

2024-07-27 10:14:41.369360 
div 
Функция div вызавалась с аргументами (6, 2) и {} 
3.0 

2024-07-27 10:14:41.369360 
summator 
Функция summator вызавалась с аргументами (4.3,) и {'b': 2.2} 
6.5 

2024-07-27 10:14:41.369360 
summator 
Функция summator вызавалась с аргументами () и {'a': 0, 'b': 0} 
0 

